app/build/intermediates/manifest_merge_blame_file/release/manifest-merger-blame-release-report.txt
1<?xml version="1.0" encoding="utf-8"?>
2<manifest xmlns:android="http://schemas.android.com/apk/res/android"
3    package="com.tur.bumerang"
4    android:versionCode="5"
5    android:versionName="2.0" >
6
7    <uses-sdk
8        android:minSdkVersion="24"
8-->src\main\AndroidManifest.xml
9        android:targetSdkVersion="29" />
9-->src\main\AndroidManifest.xml
10
11    <uses-permission android:name="com.android.vending.BILLING" />
11-->src\main\AndroidManifest.xml:5:5-67
11-->src\main\AndroidManifest.xml:5:22-64
12    <uses-permission android:name="android.permission.ACCESS_FINE_LOCATION" />
12-->src\main\AndroidManifest.xml:6:5-79
12-->src\main\AndroidManifest.xml:6:22-76
13    <uses-permission android:name="android.permission.INTERNET" />
13-->src\main\AndroidManifest.xml:7:5-67
13-->src\main\AndroidManifest.xml:7:22-64
14    <uses-permission android:name="android.permission.ACCESS_NETWORK_STATE" />
14-->src\main\AndroidManifest.xml:8:5-79
14-->src\main\AndroidManifest.xml:8:22-76
15    <uses-permission android:name="android.permission.WRITE_EXTERNAL_STORAGE" />
15-->src\main\AndroidManifest.xml:9:5-81
15-->src\main\AndroidManifest.xml:9:22-78
16    <uses-permission android:name="android.permission.READ_EXTERNAL_STORAGE" />
16-->src\main\AndroidManifest.xml:10:5-80
16-->src\main\AndroidManifest.xml:10:22-77
17    <uses-permission android:name="android.permission.CAMERA" />
17-->src\main\AndroidManifest.xml:11:5-65
17-->src\main\AndroidManifest.xml:11:22-62
18
19    <uses-feature android:name="android.hardware.camera" />
19-->src\main\AndroidManifest.xml:13:5-60
19-->src\main\AndroidManifest.xml:13:19-57
20    <uses-feature android:name="android.hardware.camera.autofocus" />
20-->src\main\AndroidManifest.xml:14:5-70
20-->src\main\AndroidManifest.xml:14:19-67
21
22    <uses-permission android:name="android.permission.STORAGE" />
22-->src\main\AndroidManifest.xml:16:5-66
22-->src\main\AndroidManifest.xml:16:22-63
23    <uses-permission android:name="android.permission.CALL_PHONE" />
23-->src\main\AndroidManifest.xml:17:5-69
23-->src\main\AndroidManifest.xml:17:22-66
24    <uses-permission android:name="android.permission.ACCESS_COARSE_LOCATION" />
24-->src\main\AndroidManifest.xml:18:5-81
24-->src\main\AndroidManifest.xml:18:22-78
25    <uses-permission android:name="com.google.android.providers.gsf.permission.READ_GSERVICES" />
25-->src\main\AndroidManifest.xml:19:5-97
25-->src\main\AndroidManifest.xml:19:22-95
26
27    <uses-feature android:name="android.hardware.location.gps" />
27-->src\main\AndroidManifest.xml:20:5-66
27-->src\main\AndroidManifest.xml:20:19-63
28
29    <uses-permission android:name="android.permission.WAKE_LOCK" />
29-->[com.github.nguyenhoanglam:ImagePicker:1.3.3] AndroidManifest.xml:13:5-68
29-->[com.github.nguyenhoanglam:ImagePicker:1.3.3] AndroidManifest.xml:13:22-65
30
31    <uses-feature
31-->[com.google.android.gms:play-services-maps:17.0.0] AndroidManifest.xml:26:5-28:35
32        android:glEsVersion="0x00020000"
32-->[com.google.android.gms:play-services-maps:17.0.0] AndroidManifest.xml:27:9-41
33        android:required="true" /> <!-- Required by older versions of Google Play services to create GCM registration tokens -->
33-->[com.google.android.gms:play-services-maps:17.0.0] AndroidManifest.xml:28:9-32
34    <uses-permission android:name="com.google.android.c2dm.permission.RECEIVE" />
34-->[com.google.android.gms:play-services-gcm:17.0.0] AndroidManifest.xml:23:5-82
34-->[com.google.android.gms:play-services-gcm:17.0.0] AndroidManifest.xml:23:22-79
35    <uses-permission android:name="com.google.android.finsky.permission.BIND_GET_INSTALL_REFERRER_SERVICE" />
35-->[com.google.android.gms:play-services-measurement:17.2.1] AndroidManifest.xml:26:5-110
35-->[com.google.android.gms:play-services-measurement:17.2.1] AndroidManifest.xml:26:22-107
36
37    <application
37-->src\main\AndroidManifest.xml:22:5-237:19
38        android:name="com.tur.bumerang.MyApp"
38-->src\main\AndroidManifest.xml:23:9-30
39        android:allowBackup="true"
39-->src\main\AndroidManifest.xml:24:9-35
40        android:appComponentFactory="androidx.core.app.CoreComponentFactory"
40-->[androidx.core:core:1.1.0] AndroidManifest.xml:24:18-86
41        android:icon="@mipmap/ic_launcher"
41-->src\main\AndroidManifest.xml:25:9-43
42        android:label="@string/app_name"
42-->src\main\AndroidManifest.xml:26:9-41
43        android:roundIcon="@mipmap/ic_launcher_round"
43-->src\main\AndroidManifest.xml:27:9-54
44        android:supportsRtl="true"
44-->src\main\AndroidManifest.xml:28:9-35
45        android:testOnly="false"
45-->src\main\AndroidManifest.xml:30:9-33
46        android:theme="@style/IntroTheme"
46-->src\main\AndroidManifest.xml:29:9-42
47        android:usesCleartextTraffic="true" >
47-->src\main\AndroidManifest.xml:31:9-44
48
49        <!--
50             The API key for Google Maps-based APIs is defined as a string resource.
51             (See the file "res/values/google_maps_api.xml").
52             Note that the API key is linked to the encryption key used to sign the APK.
53             You need a different API key for each encryption key, including the release key that is used to
54             sign the APK for publishing.
55             You can define the keys for the debug and release targets in src/debug/ and src/release/.
56        -->
57        <meta-data
57-->src\main\AndroidManifest.xml:41:9-43:55
58            android:name="com.google.android.geo.API_KEY"
58-->src\main\AndroidManifest.xml:42:13-58
59            android:value="@string/google_maps_key" />
59-->src\main\AndroidManifest.xml:43:13-52
60        <meta-data
60-->src\main\AndroidManifest.xml:44:9-46:36
61            android:name="com.google.android.gms.wallet.api.enabled"
61-->src\main\AndroidManifest.xml:45:13-69
62            android:value="true" />
62-->src\main\AndroidManifest.xml:46:13-33
63
64        <activity
64-->src\main\AndroidManifest.xml:48:9-53:20
65            android:name="com.tur.bumerang.Base.MapsActivity"
65-->src\main\AndroidManifest.xml:49:13-46
66            android:label="@string/title_activity_maps" >
66-->src\main\AndroidManifest.xml:49:47-90
67            <meta-data
67-->src\main\AndroidManifest.xml:50:13-52:72
68                android:name="com.google.android.gms.version"
68-->src\main\AndroidManifest.xml:51:17-62
69                android:value="@integer/google_play_services_version" />
69-->src\main\AndroidManifest.xml:52:17-70
70        </activity>
71        <activity android:name="com.tur.bumerang.UserProfileMoreProductGrid.UserProfileMoreReviewProductAll" />
71-->src\main\AndroidManifest.xml:54:9-96
71-->src\main\AndroidManifest.xml:54:19-93
72        <activity android:name="com.tur.bumerang.UserProfileMoreProductGrid.UserProfileMoreProductAll" />
72-->src\main\AndroidManifest.xml:55:9-90
72-->src\main\AndroidManifest.xml:55:19-87
73        <activity android:name="com.tur.bumerang.Global.Activity.ViewImageActivity" />
73-->src\main\AndroidManifest.xml:56:9-71
73-->src\main\AndroidManifest.xml:56:19-68
74        <activity android:name="com.tur.bumerang.Base.BaseActivity" />
74-->src\main\AndroidManifest.xml:57:9-55
74-->src\main\AndroidManifest.xml:57:19-52
75        <activity
75-->src\main\AndroidManifest.xml:58:9-59:57
76            android:name="com.tur.bumerang.Global.Activity.Position_Search_City"
76-->src\main\AndroidManifest.xml:58:19-71
77            android:windowSoftInputMode="adjustResize" /> <!-- facebook login -->
77-->src\main\AndroidManifest.xml:59:13-55
78        <meta-data
78-->src\main\AndroidManifest.xml:60:9-62:55
79            android:name="com.facebook.sdk.ApplicationId"
79-->src\main\AndroidManifest.xml:61:13-58
80            android:value="@string/facebook_app_id" />
80-->src\main\AndroidManifest.xml:62:13-52
81
82        <activity
82-->src\main\AndroidManifest.xml:64:9-67:48
83            android:name="com.facebook.FacebookActivity"
83-->src\main\AndroidManifest.xml:65:13-57
84            android:configChanges="keyboard|keyboardHidden|screenLayout|screenSize|orientation"
84-->src\main\AndroidManifest.xml:66:13-96
85            android:label="@string/app_name"
85-->src\main\AndroidManifest.xml:67:13-45
86            android:theme="@style/com_facebook_activity_theme" />
86-->[com.facebook.android:facebook-common:5.13.0] AndroidManifest.xml:32:13-63
87        <activity
87-->src\main\AndroidManifest.xml:68:9-79:20
88            android:name="com.facebook.CustomTabActivity"
88-->src\main\AndroidManifest.xml:69:13-58
89            android:exported="true" >
89-->src\main\AndroidManifest.xml:70:13-36
90            <intent-filter>
90-->src\main\AndroidManifest.xml:71:13-78:29
91                <action android:name="android.intent.action.VIEW" />
91-->src\main\AndroidManifest.xml:72:17-69
91-->src\main\AndroidManifest.xml:72:25-66
92
93                <category android:name="android.intent.category.DEFAULT" />
93-->src\main\AndroidManifest.xml:74:17-76
93-->src\main\AndroidManifest.xml:74:27-73
94                <category android:name="android.intent.category.BROWSABLE" />
94-->src\main\AndroidManifest.xml:75:17-78
94-->src\main\AndroidManifest.xml:75:27-75
95
96                <data android:scheme="@string/fb_login_protocol_scheme" />
96-->src\main\AndroidManifest.xml:77:17-75
96-->src\main\AndroidManifest.xml:77:23-72
97            </intent-filter>
98        </activity>
99        <activity android:name="com.github.pdfviewer.PDFViewActivity" />
99-->src\main\AndroidManifest.xml:80:9-73
99-->src\main\AndroidManifest.xml:80:19-70
100        <activity
100-->src\main\AndroidManifest.xml:81:9-90:20
101            android:name="com.tur.bumerang.Global.Activity.SplashActivity"
101-->src\main\AndroidManifest.xml:82:13-59
102            android:screenOrientation="fullSensor" >
102-->src\main\AndroidManifest.xml:83:13-51
103            <intent-filter>
103-->src\main\AndroidManifest.xml:84:13-89:29
104                <action android:name="android.intent.action.MAIN" />
104-->src\main\AndroidManifest.xml:85:17-69
104-->src\main\AndroidManifest.xml:85:25-66
105                <action android:name="android.intent.action.VIEW" />
105-->src\main\AndroidManifest.xml:72:17-69
105-->src\main\AndroidManifest.xml:72:25-66
106
107                <category android:name="android.intent.category.LAUNCHER" />
107-->src\main\AndroidManifest.xml:88:17-77
107-->src\main\AndroidManifest.xml:88:27-74
108            </intent-filter>
109        </activity>
110        <activity
110-->src\main\AndroidManifest.xml:91:9-93:54
111            android:name="com.tur.bumerang.Global.Activity.IntroduceActivity"
111-->src\main\AndroidManifest.xml:92:13-62
112            android:screenOrientation="fullSensor" />
112-->src\main\AndroidManifest.xml:93:13-51
113        <activity
113-->src\main\AndroidManifest.xml:94:9-96:54
114            android:name="com.tur.bumerang.Global.Activity.HomeActivity"
114-->src\main\AndroidManifest.xml:95:13-57
115            android:screenOrientation="fullSensor" />
115-->src\main\AndroidManifest.xml:96:13-51
116        <activity
116-->src\main\AndroidManifest.xml:97:9-99:54
117            android:name="com.tur.bumerang.Standard.Activity.SignupStandardActivity"
117-->src\main\AndroidManifest.xml:98:13-69
118            android:screenOrientation="fullSensor" />
118-->src\main\AndroidManifest.xml:99:13-51
119        <activity
119-->src\main\AndroidManifest.xml:100:9-102:54
120            android:name="com.tur.bumerang.Standard.Activity.RentPageActivity"
120-->src\main\AndroidManifest.xml:101:13-63
121            android:screenOrientation="fullSensor" />
121-->src\main\AndroidManifest.xml:102:13-51
122        <activity
122-->src\main\AndroidManifest.xml:103:9-105:54
123            android:name="com.tur.bumerang.Business.Activity.SignupBusinessActivity"
123-->src\main\AndroidManifest.xml:104:13-69
124            android:screenOrientation="fullSensor" />
124-->src\main\AndroidManifest.xml:105:13-51
125        <activity
125-->src\main\AndroidManifest.xml:106:9-108:54
126            android:name="com.tur.bumerang.Global.Activity.RegisterActivity"
126-->src\main\AndroidManifest.xml:107:13-61
127            android:screenOrientation="fullSensor" />
127-->src\main\AndroidManifest.xml:108:13-51
128        <activity
128-->src\main\AndroidManifest.xml:109:9-111:54
129            android:name="com.tur.bumerang.Global.Activity.userTypeSelect"
129-->src\main\AndroidManifest.xml:110:13-59
130            android:screenOrientation="fullSensor" />
130-->src\main\AndroidManifest.xml:111:13-51
131        <activity
131-->src\main\AndroidManifest.xml:112:9-114:54
132            android:name="com.tur.bumerang.Global.Activity.LoginActivity"
132-->src\main\AndroidManifest.xml:113:13-58
133            android:screenOrientation="fullSensor" />
133-->src\main\AndroidManifest.xml:114:13-51
134        <activity android:name="com.tur.bumerang.Global.Activity.DetailCarActivity" />
134-->src\main\AndroidManifest.xml:115:9-71
134-->src\main\AndroidManifest.xml:115:19-68
135        <activity
135-->src\main\AndroidManifest.xml:116:9-118:54
136            android:name="com.tur.bumerang.Global.Activity.DetailbikeActivity"
136-->src\main\AndroidManifest.xml:117:13-63
137            android:screenOrientation="fullSensor" />
137-->src\main\AndroidManifest.xml:118:13-51
138        <activity
138-->src\main\AndroidManifest.xml:119:9-121:54
139            android:name="com.tur.bumerang.Global.Activity.DetaildressActivity"
139-->src\main\AndroidManifest.xml:120:13-64
140            android:screenOrientation="fullSensor" />
140-->src\main\AndroidManifest.xml:121:13-51
141        <activity
141-->src\main\AndroidManifest.xml:122:9-124:54
142            android:name="com.tur.bumerang.Global.Activity.DetailcameraActivity"
142-->src\main\AndroidManifest.xml:123:13-65
143            android:screenOrientation="fullSensor" />
143-->src\main\AndroidManifest.xml:124:13-51
144        <activity
144-->src\main\AndroidManifest.xml:125:9-127:54
145            android:name="com.tur.bumerang.Global.Activity.DetailhomeActivity"
145-->src\main\AndroidManifest.xml:126:13-63
146            android:screenOrientation="fullSensor" />
146-->src\main\AndroidManifest.xml:127:13-51
147        <activity
147-->src\main\AndroidManifest.xml:128:9-130:54
148            android:name="com.tur.bumerang.Global.Activity.DetailcaravanActivity"
148-->src\main\AndroidManifest.xml:129:13-66
149            android:screenOrientation="fullSensor" />
149-->src\main\AndroidManifest.xml:130:13-51
150        <activity
150-->src\main\AndroidManifest.xml:131:9-133:54
151            android:name="com.tur.bumerang.Global.Activity.DetailvehicleActivity"
151-->src\main\AndroidManifest.xml:132:13-66
152            android:screenOrientation="fullSensor" />
152-->src\main\AndroidManifest.xml:133:13-51
153        <activity
153-->src\main\AndroidManifest.xml:134:9-136:54
154            android:name="com.tur.bumerang.Global.Activity.DetailsporeActivity"
154-->src\main\AndroidManifest.xml:135:13-64
155            android:screenOrientation="fullSensor" />
155-->src\main\AndroidManifest.xml:136:13-51
156        <activity
156-->src\main\AndroidManifest.xml:137:9-139:54
157            android:name="com.tur.bumerang.Global.Activity.DetailkampActivity"
157-->src\main\AndroidManifest.xml:138:13-63
158            android:screenOrientation="fullSensor" />
158-->src\main\AndroidManifest.xml:139:13-51
159        <activity
159-->src\main\AndroidManifest.xml:140:9-142:54
160            android:name="com.tur.bumerang.Global.Activity.DetailmusicActivity"
160-->src\main\AndroidManifest.xml:141:13-64
161            android:screenOrientation="fullSensor" />
161-->src\main\AndroidManifest.xml:142:13-51
162        <activity
162-->src\main\AndroidManifest.xml:143:9-145:54
163            android:name="com.tur.bumerang.Business.Activity.MembershipActivity"
163-->src\main\AndroidManifest.xml:144:13-65
164            android:screenOrientation="fullSensor" />
164-->src\main\AndroidManifest.xml:145:13-51
165        <activity
165-->src\main\AndroidManifest.xml:146:9-148:54
166            android:name="com.tur.bumerang.Business.Activity.ReciveRequestActivity"
166-->src\main\AndroidManifest.xml:147:13-68
167            android:screenOrientation="fullSensor" />
167-->src\main\AndroidManifest.xml:148:13-51
168        <activity
168-->src\main\AndroidManifest.xml:149:9-151:54
169            android:name="com.tur.bumerang.Global.Activity.UserProfileActivity"
169-->src\main\AndroidManifest.xml:150:13-64
170            android:screenOrientation="fullSensor" />
170-->src\main\AndroidManifest.xml:151:13-51
171        <activity
171-->src\main\AndroidManifest.xml:152:9-154:54
172            android:name="com.tur.bumerang.Business.Activity.SelectCategoryRegisterActivity"
172-->src\main\AndroidManifest.xml:153:13-77
173            android:screenOrientation="fullSensor" />
173-->src\main\AndroidManifest.xml:154:13-51
174        <activity
174-->src\main\AndroidManifest.xml:155:9-157:54
175            android:name="com.tur.bumerang.Global.Activity.SelectCategoryActivity"
175-->src\main\AndroidManifest.xml:156:13-67
176            android:screenOrientation="fullSensor" />
176-->src\main\AndroidManifest.xml:157:13-51
177        <activity
177-->src\main\AndroidManifest.xml:158:9-160:54
178            android:name="com.tur.bumerang.Global.Activity.ProfileSettingActivity"
178-->src\main\AndroidManifest.xml:159:13-67
179            android:screenOrientation="fullSensor" />
179-->src\main\AndroidManifest.xml:160:13-51
180        <activity
180-->src\main\AndroidManifest.xml:161:9-163:54
181            android:name="com.tur.bumerang.Business.Activity.UploadApartmentActivity"
181-->src\main\AndroidManifest.xml:162:13-70
182            android:screenOrientation="fullSensor" />
182-->src\main\AndroidManifest.xml:163:13-51
183        <activity
183-->src\main\AndroidManifest.xml:164:9-166:54
184            android:name="com.tur.bumerang.Business.Activity.UploadRentalcarActivity"
184-->src\main\AndroidManifest.xml:165:13-70
185            android:screenOrientation="fullSensor" />
185-->src\main\AndroidManifest.xml:166:13-51
186        <activity
186-->src\main\AndroidManifest.xml:167:9-169:54
187            android:name="com.tur.bumerang.Business.Activity.UploadCaravanActivity"
187-->src\main\AndroidManifest.xml:168:13-68
188            android:screenOrientation="fullSensor" />
188-->src\main\AndroidManifest.xml:169:13-51
189        <activity
189-->src\main\AndroidManifest.xml:170:9-172:54
190            android:name="com.tur.bumerang.Business.Activity.UploadVehicleActivity"
190-->src\main\AndroidManifest.xml:171:13-68
191            android:screenOrientation="fullSensor" />
191-->src\main\AndroidManifest.xml:172:13-51
192        <activity
192-->src\main\AndroidManifest.xml:173:9-175:54
193            android:name="com.tur.bumerang.Business.Activity.UploadBikeActivity"
193-->src\main\AndroidManifest.xml:174:13-65
194            android:screenOrientation="fullSensor" />
194-->src\main\AndroidManifest.xml:175:13-51
195        <activity
195-->src\main\AndroidManifest.xml:176:9-178:54
196            android:name="com.tur.bumerang.Business.Activity.UploadDressActivity"
196-->src\main\AndroidManifest.xml:177:13-66
197            android:screenOrientation="fullSensor" />
197-->src\main\AndroidManifest.xml:178:13-51
198        <activity
198-->src\main\AndroidManifest.xml:179:9-181:54
199            android:name="com.tur.bumerang.Business.Activity.UploadCameraActivity"
199-->src\main\AndroidManifest.xml:180:13-67
200            android:screenOrientation="fullSensor" />
200-->src\main\AndroidManifest.xml:181:13-51
201        <activity
201-->src\main\AndroidManifest.xml:182:9-184:54
202            android:name="com.tur.bumerang.Business.Activity.UploadSporeActivity"
202-->src\main\AndroidManifest.xml:183:13-66
203            android:screenOrientation="fullSensor" />
203-->src\main\AndroidManifest.xml:184:13-51
204        <activity
204-->src\main\AndroidManifest.xml:185:9-187:54
205            android:name="com.tur.bumerang.Business.Activity.UploadKampActivity"
205-->src\main\AndroidManifest.xml:186:13-65
206            android:screenOrientation="fullSensor" />
206-->src\main\AndroidManifest.xml:187:13-51
207        <activity
207-->src\main\AndroidManifest.xml:188:9-190:54
208            android:name="com.tur.bumerang.Business.Activity.UploadMusicActivity"
208-->src\main\AndroidManifest.xml:189:13-66
209            android:screenOrientation="fullSensor" />
209-->src\main\AndroidManifest.xml:190:13-51
210        <activity
210-->src\main\AndroidManifest.xml:191:9-193:54
211            android:name="com.tur.bumerang.Business.Activity.UploadOtherActivity"
211-->src\main\AndroidManifest.xml:192:13-66
212            android:screenOrientation="fullSensor" />
212-->src\main\AndroidManifest.xml:193:13-51
213        <activity
213-->src\main\AndroidManifest.xml:194:9-198:20
214            android:name="com.tur.bumerang.Business.Activity.UserProfileBusinessActivity"
214-->src\main\AndroidManifest.xml:195:13-74
215            android:screenOrientation="fullSensor" >
215-->src\main\AndroidManifest.xml:196:13-51
216        </activity>
217        <activity
217-->src\main\AndroidManifest.xml:199:9-201:54
218            android:name="com.tur.bumerang.Global.Activity.ChattingHistoryActivity"
218-->src\main\AndroidManifest.xml:200:13-68
219            android:screenOrientation="fullSensor" />
219-->src\main\AndroidManifest.xml:201:13-51
220        <activity
220-->src\main\AndroidManifest.xml:202:9-204:54
221            android:name="com.tur.bumerang.Global.Activity.ChattingActivity"
221-->src\main\AndroidManifest.xml:203:13-61
222            android:screenOrientation="fullSensor" />
222-->src\main\AndroidManifest.xml:204:13-51
223        <activity
223-->src\main\AndroidManifest.xml:205:9-207:54
224            android:name="com.tur.bumerang.Global.Activity.RequestHistoryActivity"
224-->src\main\AndroidManifest.xml:206:13-67
225            android:screenOrientation="fullSensor" />
225-->src\main\AndroidManifest.xml:207:13-51
226        <activity
226-->src\main\AndroidManifest.xml:208:9-210:59
227            android:name="com.theartofdev.edmodo.cropper.CropImageActivity"
227-->src\main\AndroidManifest.xml:209:13-76
228            android:theme="@style/Base.Theme.AppCompat" />
228-->src\main\AndroidManifest.xml:210:13-56
229        <activity
229-->src\main\AndroidManifest.xml:211:9-213:54
230            android:name="com.tur.bumerang.Business.Activity.AdsSplashActivity"
230-->src\main\AndroidManifest.xml:212:13-64
231            android:screenOrientation="fullSensor" />
231-->src\main\AndroidManifest.xml:213:13-51
232        <activity
232-->src\main\AndroidManifest.xml:214:9-216:54
233            android:name="com.tur.bumerang.Global.Activity.UserProductsActivity"
233-->src\main\AndroidManifest.xml:215:13-65
234            android:screenOrientation="fullSensor" />
234-->src\main\AndroidManifest.xml:216:13-51
235        <activity
235-->src\main\AndroidManifest.xml:217:9-219:54
236            android:name="com.tur.bumerang.Global.Activity.RegisterCompletedActivity"
236-->src\main\AndroidManifest.xml:218:13-70
237            android:screenOrientation="fullSensor" />
237-->src\main\AndroidManifest.xml:219:13-51
238        <activity
238-->src\main\AndroidManifest.xml:220:9-222:54
239            android:name="com.tur.bumerang.Global.Activity.RequestSentCompletedActivity"
239-->src\main\AndroidManifest.xml:221:13-73
240            android:screenOrientation="fullSensor" />
240-->src\main\AndroidManifest.xml:222:13-51
241        <activity
241-->src\main\AndroidManifest.xml:223:9-225:54
242            android:name="com.tur.bumerang.Global.Activity.RatingActivity"
242-->src\main\AndroidManifest.xml:224:13-59
243            android:screenOrientation="fullSensor" />
243-->src\main\AndroidManifest.xml:225:13-51
244
245        <service
245-->src\main\AndroidManifest.xml:227:9-229:38
246            android:name="com.tur.bumerang.Services.GpsService"
246-->src\main\AndroidManifest.xml:228:13-48
247            android:enabled="true" />
247-->src\main\AndroidManifest.xml:229:13-35
248        <service
248-->src\main\AndroidManifest.xml:230:9-236:19
249            android:name="com.tur.bumerang.fcm.FcmMessagingService"
249-->src\main\AndroidManifest.xml:231:13-52
250            android:exported="false" >
250-->src\main\AndroidManifest.xml:232:13-37
251            <intent-filter>
251-->src\main\AndroidManifest.xml:233:13-235:29
252                <action android:name="com.google.firebase.MESSAGING_EVENT" />
252-->src\main\AndroidManifest.xml:234:17-78
252-->src\main\AndroidManifest.xml:234:25-75
253            </intent-filter>
254        </service>
255
256        <activity
256-->[com.github.nguyenhoanglam:ImagePicker:1.3.3] AndroidManifest.xml:16:9-19:67
257            android:name="com.nguyenhoanglam.imagepicker.ui.imagepicker.ImagePickerActivity"
257-->[com.github.nguyenhoanglam:ImagePicker:1.3.3] AndroidManifest.xml:17:13-93
258            android:configChanges="orientation|screenSize"
258-->[com.github.nguyenhoanglam:ImagePicker:1.3.3] AndroidManifest.xml:18:13-59
259            android:theme="@style/imagepicker_ImagePickerTheme" />
259-->[com.github.nguyenhoanglam:ImagePicker:1.3.3] AndroidManifest.xml:19:13-64
260        <activity
260-->[com.github.nguyenhoanglam:ImagePicker:1.3.3] AndroidManifest.xml:20:9-23:62
261            android:name="com.nguyenhoanglam.imagepicker.ui.camera.CameraActivty"
261-->[com.github.nguyenhoanglam:ImagePicker:1.3.3] AndroidManifest.xml:21:13-82
262            android:screenOrientation="portrait"
262-->[com.github.nguyenhoanglam:ImagePicker:1.3.3] AndroidManifest.xml:22:13-49
263            android:theme="@style/imagepicker_CameraTheme" />
263-->[com.github.nguyenhoanglam:ImagePicker:1.3.3] AndroidManifest.xml:23:13-59
264
265        <provider
265-->[com.github.nguyenhoanglam:ImagePicker:1.3.3] AndroidManifest.xml:25:9-33:20
266            android:name="androidx.core.content.FileProvider"
266-->[com.github.nguyenhoanglam:ImagePicker:1.3.3] AndroidManifest.xml:26:13-62
267            android:authorities="com.tur.bumerang.fileprovider"
267-->[com.github.nguyenhoanglam:ImagePicker:1.3.3] AndroidManifest.xml:27:13-64
268            android:exported="false"
268-->[com.github.nguyenhoanglam:ImagePicker:1.3.3] AndroidManifest.xml:28:13-37
269            android:grantUriPermissions="true" >
269-->[com.github.nguyenhoanglam:ImagePicker:1.3.3] AndroidManifest.xml:29:13-47
270            <meta-data
270-->[com.github.nguyenhoanglam:ImagePicker:1.3.3] AndroidManifest.xml:30:13-32:66
271                android:name="android.support.FILE_PROVIDER_PATHS"
271-->[com.github.nguyenhoanglam:ImagePicker:1.3.3] AndroidManifest.xml:31:17-67
272                android:resource="@xml/imagepicker_file_paths" />
272-->[com.github.nguyenhoanglam:ImagePicker:1.3.3] AndroidManifest.xml:32:17-63
273        </provider>
274
275        <activity android:name="com.facebook.CustomTabMainActivity" />
275-->[com.facebook.android:facebook-common:5.13.0] AndroidManifest.xml:33:9-71
275-->[com.facebook.android:facebook-common:5.13.0] AndroidManifest.xml:33:19-68
276        <!--
277             FirebaseMessagingService performs security checks at runtime,
278             but set to not exported to explicitly avoid allowing another app to call it.
279        -->
280        <service
280-->[com.google.firebase:firebase-messaging:20.1.0] AndroidManifest.xml:28:9-34:19
281            android:name="com.google.firebase.messaging.FirebaseMessagingService"
281-->[com.google.firebase:firebase-messaging:20.1.0] AndroidManifest.xml:29:13-82
282            android:exported="false" >
282-->[com.google.firebase:firebase-messaging:20.1.0] AndroidManifest.xml:30:13-37
283            <intent-filter android:priority="-500" >
283-->src\main\AndroidManifest.xml:233:13-235:29
284                <action android:name="com.google.firebase.MESSAGING_EVENT" />
284-->src\main\AndroidManifest.xml:234:17-78
284-->src\main\AndroidManifest.xml:234:25-75
285            </intent-filter>
286        </service>
287        <service
287-->[com.google.firebase:firebase-messaging:20.1.0] AndroidManifest.xml:35:9-41:19
288            android:name="com.google.firebase.components.ComponentDiscoveryService"
288-->[com.google.firebase:firebase-messaging:20.1.0] AndroidManifest.xml:36:13-84
289            android:directBootAware="true"
289-->[com.google.firebase:firebase-common:19.3.0] AndroidManifest.xml:34:13-43
290            android:exported="false" >
290-->[com.google.firebase:firebase-messaging:20.1.0] AndroidManifest.xml:37:13-37
291            <meta-data
291-->[com.google.firebase:firebase-messaging:20.1.0] AndroidManifest.xml:38:13-40:85
292                android:name="com.google.firebase.components:com.google.firebase.messaging.FirebaseMessagingRegistrar"
292-->[com.google.firebase:firebase-messaging:20.1.0] AndroidManifest.xml:39:17-119
293                android:value="com.google.firebase.components.ComponentRegistrar" />
293-->[com.google.firebase:firebase-messaging:20.1.0] AndroidManifest.xml:40:17-82
294            <meta-data
294-->[com.google.firebase:firebase-database:19.2.0] AndroidManifest.xml:32:13-34:85
295                android:name="com.google.firebase.components:com.google.firebase.database.DatabaseRegistrar"
295-->[com.google.firebase:firebase-database:19.2.0] AndroidManifest.xml:33:17-109
296                android:value="com.google.firebase.components.ComponentRegistrar" />
296-->[com.google.firebase:firebase-database:19.2.0] AndroidManifest.xml:34:17-82
297            <meta-data
297-->[com.google.firebase:firebase-storage:19.1.0] AndroidManifest.xml:33:13-35:85
298                android:name="com.google.firebase.components:com.google.firebase.storage.StorageRegistrar"
298-->[com.google.firebase:firebase-storage:19.1.0] AndroidManifest.xml:34:17-107
299                android:value="com.google.firebase.components.ComponentRegistrar" />